Sending build context to Docker daemon 46.59 kB
Sending build context to Docker daemon 
Step 0 : FROM ubuntu:14.04
 ---> a005e6b7dd01
Step 1 : MAINTAINER Wieland Brendel "wieland.brendel@bethgelab.org"
 ---> Using cache
 ---> 3c9e4db41350
Step 2 : RUN DEBIAN_FRONTEND=noninteractive apt-get remove -yq         python3-minimal         python3.4         python3.4-minimal         libpython3-stdlib         libpython3.4-stdlib         libpython3.4-minimal
 ---> Running in 0d65bbd11d8f
Reading package lists...
Building dependency tree...
Reading state information...
The following packages will be REMOVED:
  dh-python libpython3-stdlib libpython3.4-minimal libpython3.4-stdlib
  lsb-release python3 python3-minimal python3.4 python3.4-minimal
  ubuntu-minimal
0 upgraded, 0 newly installed, 10 to remove and 0 not upgraded.
After this operation, 18.2 MB disk space will be freed.
(Reading database ... 11541 files and directories currently installed.)
Removing ubuntu-minimal (1.325) ...
Removing lsb-release (4.1+Debian11ubuntu6) ...
Removing python3 (3.4.0-0ubuntu2) ...
Removing libpython3-stdlib:amd64 (3.4.0-0ubuntu2) ...
Removing python3.4 (3.4.0-2ubuntu1.1) ...
Removing libpython3.4-stdlib:amd64 (3.4.0-2ubuntu1.1) ...
[91mdpkg-query: no packages found matching pkgname
[0mRemoving python3-minimal (3.4.0-0ubuntu2) ...
Removing python3.4-minimal (3.4.0-2ubuntu1.1) ...
Removing libpython3.4-minimal:amd64 (3.4.0-2ubuntu1.1) ...
[91mdpkg-query: no packages found matching pkgname
[0mRemoving dh-python (1.20140128-1ubuntu8.2) ...
[91mdpkg: warning: while removing dh-python, directory '/usr/share/dh-python/dhpython/build' not empty so not removed
[0mProcessing triggers for mime-support (3.54ubuntu1.1) ...
 ---> 293657d3d102
Removing intermediate container 0d65bbd11d8f
Step 3 : RUN apt-get update -qq &&     DEBIAN_FRONTEND=noninteractive apt-get install -yq --no-install-recommends         build-essential         ca-certificates         curl         git         language-pack-en         libcurl4-openssl-dev         libffi-dev         libsqlite3-dev         libzmq3-dev         pandoc         python         python3         python-dev         python3-dev         sqlite3         texlive-fonts-recommended         texlive-latex-base         texlive-latex-extra         zlib1g-dev &&     apt-get clean &&     rm -rf /var/lib/apt/lists/*
 ---> Running in 167ce585a5a0
Reading package lists...
Building dependency tree...
Reading state information...
The following extra packages will be installed:
  binutils comerr-dev cpp cpp-4.8 dh-python dpkg-dev fontconfig-config
  fonts-dejavu-core g++ g++-4.8 gcc gcc-4.8 git-man krb5-multidev
  language-pack-en-base libasan0 libasn1-8-heimdal libatomic1 libavahi-client3
  libavahi-common-data libavahi-common3 libc-dev-bin libc6-dev libcairo2
  libcloog-isl4 libcups2 libcupsfilters1 libcupsimage2 libcurl3
  libcurl3-gnutls libdpkg-perl liberror-perl libexpat1-dev libffi6
  libfontconfig1 libfreetype6 libgcc-4.8-dev libgcrypt11-dev libglib2.0-0
  libgmp10 libgnutls-dev libgnutls-openssl27 libgnutls26 libgnutlsxx27
  libgomp1 libgpg-error-dev libgraphite2-3 libgs9 libgs9-common
  libgssapi-krb5-2 libgssapi3-heimdal libgssrpc4 libharfbuzz0b
  libhcrypto4-heimdal libheimbase1-heimdal libheimntlm0-heimdal
  libhx509-5-heimdal libice6 libicu52 libidn11 libidn11-dev libijs-0.35
  libisl10 libitm1 libjbig0 libjbig2dec0 libjpeg-turbo8 libjpeg8 libk5crypto3
  libkadm5clnt-mit9 libkadm5srv-mit9 libkdb5-7 libkeyutils1 libkpathsea6
  libkrb5-26-heimdal libkrb5-3 libkrb5-dev libkrb5support0 liblcms2-2
  libldap-2.4-2 libldap2-dev liblua5.1-0 libmpc3 libmpfr4 libp11-kit-dev
  libpaper-utils libpaper1 libpgm-5.1-0 libpixman-1-0 libpoppler44 libptexenc1
  libpython-dev libpython-stdlib libpython2.7 libpython2.7-dev
  libpython2.7-minimal libpython2.7-stdlib libpython3-dev libpython3-stdlib
  libpython3.4 libpython3.4-dev libpython3.4-minimal libpython3.4-stdlib
  libquadmath0 libroken18-heimdal librtmp-dev librtmp0 libsasl2-2
  libsasl2-modules-db libsm6 libssl-dev libssl1.0.0 libstdc++-4.8-dev
  libtasn1-6-dev libtiff5 libtimedate-perl libtsan0 libwind0-heimdal libx11-6
  libx11-data libxau6 libxaw7 libxcb-render0 libxcb-shm0 libxcb1 libxdmcp6
  libxext6 libxmu6 libxpm4 libxrender1 libxt6 libyaml-0-2 libzmq3
  linux-libc-dev luatex make openssl pandoc-data patch pkg-config poppler-data
  preview-latex-style python-minimal python2.7 python2.7-dev python2.7-minimal
  python3-minimal python3.4 python3.4-dev python3.4-minimal tex-common
  texlive-base texlive-binaries texlive-latex-recommended texlive-pictures
  x11-common xdg-utils xz-utils
Suggested packages:
  binutils-doc doc-base cpp-doc gcc-4.8-locales debian-keyring g++-multilib
  g++-4.8-multilib gcc-4.8-doc libstdc++6-4.8-dbg gcc-multilib manpages-dev
  autoconf automake1.9 libtool flex bison gdb gcc-doc gcc-4.8-multilib
  libgcc1-dbg libgomp1-dbg libitm1-dbg libatomic1-dbg libasan0-dbg
  libtsan0-dbg libquadmath0-dbg gettext-base git-daemon-run
  git-daemon-sysvinit git-doc git-el git-email git-gui gitk gitweb git-arch
  git-bzr git-cvs git-mediawiki git-svn krb5-doc glibc-doc cups-common
  libcurl4-doc libcurl3-dbg libgcrypt11-doc gnutls26-doc gnutls-bin
  fonts-droid krb5-user liblcms2-utils sqlite3-doc libstdc++-4.8-doc make-doc
  texlive-xetex pandoc-citeproc ed diffutils-doc poppler-utils ghostscript
  fonts-japanese-mincho fonts-ipafont-mincho fonts-japanese-gothic
  fonts-ipafont-gothic fonts-arphic-ukai fonts-arphic-uming fonts-unfonts-core
  python-doc python-tk python2.7-doc binfmt-support python3-doc python3-tk
  python3.4-venv python3.4-doc debhelper gv postscript-viewer xpdf-reader
  pdf-viewer perl-tk libfile-which-perl python-pygments dot2tex libtcltk-ruby
  gvfs-bin
Recommended packages:
  fakeroot libalgorithm-merge-perl rsync ssh-client libfile-fcntllock-perl
  libglib2.0-data shared-mime-info krb5-locales libsasl2-modules libssl-doc
  texlive-luatex lmodern ruby wish tex-gyre texlive-fonts-recommended-doc tipa
  texlive-latex-base-doc texlive-latex-extra-doc texlive-latex-recommended-doc
  latex-xcolor latex-beamer prosper texlive-pictures-doc pgf
  libfile-mimeinfo-perl x11-utils x11-xserver-utils
The following NEW packages will be installed:
  binutils build-essential ca-certificates comerr-dev cpp cpp-4.8 curl
  dh-python dpkg-dev fontconfig-config fonts-dejavu-core g++ g++-4.8 gcc
  gcc-4.8 git git-man krb5-multidev language-pack-en language-pack-en-base
  libasan0 libasn1-8-heimdal libatomic1 libavahi-client3 libavahi-common-data
  libavahi-common3 libc-dev-bin libc6-dev libcairo2 libcloog-isl4 libcups2
  libcupsfilters1 libcupsimage2 libcurl3 libcurl3-gnutls libcurl4-openssl-dev
  libdpkg-perl liberror-perl libexpat1-dev libffi-dev libfontconfig1
  libfreetype6 libgcc-4.8-dev libgcrypt11-dev libglib2.0-0 libgmp10
  libgnutls-dev libgnutlsxx27 libgomp1 libgpg-error-dev libgraphite2-3 libgs9
  libgs9-common libgssapi-krb5-2 libgssapi3-heimdal libgssrpc4 libharfbuzz0b
  libhcrypto4-heimdal libheimbase1-heimdal libheimntlm0-heimdal
  libhx509-5-heimdal libice6 libicu52 libidn11 libidn11-dev libijs-0.35
  libisl10 libitm1 libjbig0 libjbig2dec0 libjpeg-turbo8 libjpeg8 libk5crypto3
  libkadm5clnt-mit9 libkadm5srv-mit9 libkdb5-7 libkeyutils1 libkpathsea6
  libkrb5-26-heimdal libkrb5-3 libkrb5-dev libkrb5support0 liblcms2-2
  libldap-2.4-2 libldap2-dev liblua5.1-0 libmpc3 libmpfr4 libp11-kit-dev
  libpaper-utils libpaper1 libpgm-5.1-0 libpixman-1-0 libpoppler44 libptexenc1
  libpython-dev libpython-stdlib libpython2.7 libpython2.7-dev
  libpython2.7-minimal libpython2.7-stdlib libpython3-dev libpython3-stdlib
  libpython3.4 libpython3.4-dev libpython3.4-minimal libpython3.4-stdlib
  libquadmath0 libroken18-heimdal librtmp-dev librtmp0 libsasl2-2
  libsasl2-modules-db libsm6 libsqlite3-dev libssl-dev libstdc++-4.8-dev
  libtasn1-6-dev libtiff5 libtimedate-perl libtsan0 libwind0-heimdal libx11-6
  libx11-data libxau6 libxaw7 libxcb-render0 libxcb-shm0 libxcb1 libxdmcp6
  libxext6 libxmu6 libxpm4 libxrender1 libxt6 libyaml-0-2 libzmq3 libzmq3-dev
  linux-libc-dev luatex make openssl pandoc pandoc-data patch pkg-config
  poppler-data preview-latex-style python python-dev python-minimal python2.7
  python2.7-dev python2.7-minimal python3 python3-dev python3-minimal
  python3.4 python3.4-dev python3.4-minimal sqlite3 tex-common texlive-base
  texlive-binaries texlive-fonts-recommended texlive-latex-base
  texlive-latex-extra texlive-latex-recommended texlive-pictures x11-common
  xdg-utils xz-utils zlib1g-dev
The following packages will be upgraded:
  libffi6 libgnutls-openssl27 libgnutls26 libssl1.0.0
4 upgraded, 173 newly installed, 0 to remove and 9 not upgraded.
Need to get 169 MB of archives.
After this operation, 556 MB of additional disk space will be used.
Get:1 http://archive.ubuntu.com/ubuntu/ trusty-updates/main libffi6 amd64 3.1~rc1+r3.0.13-12ubuntu0.1 [17.5 kB]
Get:2 http://archive.ubuntu.com/ubuntu/ trusty-updates/main libgnutls-openssl27 amd64 2.12.23-12ubuntu2.4 [18.3 kB]
Get:3 http://archive.ubuntu.com/ubuntu/ trusty-updates/main libgnutls26 amd64 2.12.23-12ubuntu2.4 [393 kB]
Get:4 http://archive.ubuntu.com/ubuntu/ trusty-updates/main libssl1.0.0 amd64 1.0.1f-1ubuntu2.16 [827 kB]
Get:5 http://archive.ubuntu.com/ubuntu/ trusty-updates/main libpython3.4-minimal amd64 3.4.3-1ubuntu1~14.04.3 [461 kB]
Get:6 http://archive.ubuntu.com/ubuntu/ trusty-updates/main libpython3.4-stdlib amd64 3.4.3-1ubuntu1~14.04.3 [1986 kB]
Get:7 http://archive.ubuntu.com/ubuntu/ trusty-updates/main python3.4-minimal amd64 3.4.3-1ubuntu1~14.04.3 [1223 kB]
Get:8 http://archive.ubuntu.com/ubuntu/ trusty-updates/main libroken18-heimdal amd64 1.6~git20131207+dfsg-1ubuntu1.1 [40.0 kB]
Get:9 http://archive.ubuntu.com/ubuntu/ trusty-updates/main libasn1-8-heimdal amd64 1.6~git20131207+dfsg-1ubuntu1.1 [161 kB]
Get:10 http://archive.ubuntu.com/ubuntu/ trusty-updates/main libkrb5support0 amd64 1.12+dfsg-2ubuntu5.2 [30.7 kB]
Get:11 http://archive.ubuntu.com/ubuntu/ trusty-updates/main libk5crypto3 amd64 1.12+dfsg-2ubuntu5.2 [79.4 kB]
Get:12 http://archive.ubuntu.com/ubuntu/ trusty/main libkeyutils1 amd64 1.5.6-1 [7318 B]
Get:13 http://archive.ubuntu.com/ubuntu/ trusty-updates/main libkrb5-3 amd64 1.12+dfsg-2ubuntu5.2 [262 kB]
Get:14 http://archive.ubuntu.com/ubuntu/ trusty-updates/main libgssapi-krb5-2 amd64 1.12+dfsg-2ubuntu5.2 [114 kB]
Get:15 http://archive.ubuntu.com/ubuntu/ trusty/main libidn11 amd64 1.28-1ubuntu2 [93.0 kB]
Get:16 http://archive.ubuntu.com/ubuntu/ trusty-updates/main libhcrypto4-heimdal amd64 1.6~git20131207+dfsg-1ubuntu1.1 [83.9 kB]
Get:17 http://archive.ubuntu.com/ubuntu/ trusty-updates/main libheimbase1-heimdal amd64 1.6~git20131207+dfsg-1ubuntu1.1 [28.9 kB]
Get:18 http://archive.ubuntu.com/ubuntu/ trusty-updates/main libwind0-heimdal amd64 1.6~git20131207+dfsg-1ubuntu1.1 [47.8 kB]
Get:19 http://archive.ubuntu.com/ubuntu/ trusty-updates/main libhx509-5-heimdal amd64 1.6~git20131207+dfsg-1ubuntu1.1 [104 kB]
Get:20 http://archive.ubuntu.com/ubuntu/ trusty-updates/main libkrb5-26-heimdal amd64 1.6~git20131207+dfsg-1ubuntu1.1 [196 kB]
Get:21 http://archive.ubuntu.com/ubuntu/ trusty-updates/main libheimntlm0-heimdal amd64 1.6~git20131207+dfsg-1ubuntu1.1 [15.2 kB]
Get:22 http://archive.ubuntu.com/ubuntu/ trusty-updates/main libgssapi3-heimdal amd64 1.6~git20131207+dfsg-1ubuntu1.1 [89.8 kB]
Get:23 http://archive.ubuntu.com/ubuntu/ trusty/main libsasl2-modules-db amd64 2.1.25.dfsg1-17build1 [14.9 kB]
Get:24 http://archive.ubuntu.com/ubuntu/ trusty/main libsasl2-2 amd64 2.1.25.dfsg1-17build1 [56.5 kB]
Get:25 http://archive.ubuntu.com/ubuntu/ trusty-updates/main libldap-2.4-2 amd64 2.4.31-1+nmu2ubuntu8.2 [153 kB]
Get:26 http://archive.ubuntu.com/ubuntu/ trusty/main librtmp0 amd64 2.4+20121230.gitdf6c518-1 [57.5 kB]
Get:27 http://archive.ubuntu.com/ubuntu/ trusty-updates/main libcurl3-gnutls amd64 7.35.0-1ubuntu2.5 [165 kB]
Get:28 http://archive.ubuntu.com/ubuntu/ trusty-updates/main libglib2.0-0 amd64 2.40.2-0ubuntu1 [1058 kB]
Get:29 http://archive.ubuntu.com/ubuntu/ trusty/main libxau6 amd64 1:1.0.8-1 [8376 B]
Get:30 http://archive.ubuntu.com/ubuntu/ trusty/main libxdmcp6 amd64 1:1.1.1-1 [12.8 kB]
Get:31 http://archive.ubuntu.com/ubuntu/ trusty/main libxcb1 amd64 1.10-2ubuntu1 [38.0 kB]
Get:32 http://archive.ubuntu.com/ubuntu/ trusty/main libx11-data all 2:1.6.2-1ubuntu2 [111 kB]
Get:33 http://archive.ubuntu.com/ubuntu/ trusty/main libx11-6 amd64 2:1.6.2-1ubuntu2 [560 kB]
Get:34 http://archive.ubuntu.com/ubuntu/ trusty-updates/main libxext6 amd64 2:1.3.2-1ubuntu0.0.14.04.1 [28.8 kB]
Get:35 http://archive.ubuntu.com/ubuntu/ trusty-updates/main language-pack-en-base all 1:14.04+20150219 [472 kB]
Get:36 http://archive.ubuntu.com/ubuntu/ trusty-updates/main language-pack-en all 1:14.04+20150219 [1828 B]
Get:37 http://archive.ubuntu.com/ubuntu/ trusty-updates/main libasan0 amd64 4.8.4-2ubuntu1~14.04 [63.0 kB]
Get:38 http://archive.ubuntu.com/ubuntu/ trusty-updates/main libatomic1 amd64 4.8.4-2ubuntu1~14.04 [8650 B]
Get:39 http://archive.ubuntu.com/ubuntu/ trusty/main libavahi-common-data amd64 0.6.31-4ubuntu1 [21.2 kB]
Get:40 http://archive.ubuntu.com/ubuntu/ trusty/main libavahi-common3 amd64 0.6.31-4ubuntu1 [21.7 kB]
Get:41 http://archive.ubuntu.com/ubuntu/ trusty/main libavahi-client3 amd64 0.6.31-4ubuntu1 [25.1 kB]
Get:42 http://archive.ubuntu.com/ubuntu/ trusty/main fonts-dejavu-core all 2.34-1ubuntu1 [1024 kB]
Get:43 http://archive.ubuntu.com/ubuntu/ trusty-updates/main fontconfig-config all 2.11.0-0ubuntu4.1 [47.4 kB]
Get:44 http://archive.ubuntu.com/ubuntu/ trusty-updates/main libfreetype6 amd64 2.5.2-1ubuntu2.5 [304 kB]
Get:45 http://archive.ubuntu.com/ubuntu/ trusty-updates/main libfontconfig1 amd64 2.11.0-0ubuntu4.1 [123 kB]
Get:46 http://archive.ubuntu.com/ubuntu/ trusty/main libpixman-1-0 amd64 0.30.2-2ubuntu1 [227 kB]
Get:47 http://archive.ubuntu.com/ubuntu/ trusty/main libxcb-render0 amd64 1.10-2ubuntu1 [11.0 kB]
Get:48 http://archive.ubuntu.com/ubuntu/ trusty/main libxcb-shm0 amd64 1.10-2ubuntu1 [5432 B]
Get:49 http://archive.ubuntu.com/ubuntu/ trusty-updates/main libxrender1 amd64 1:0.9.8-1build0.14.04.1 [17.9 kB]
Get:50 http://archive.ubuntu.com/ubuntu/ trusty-updates/main libcairo2 amd64 1.13.0~20140204-0ubuntu1.1 [535 kB]
Get:51 http://archive.ubuntu.com/ubuntu/ trusty/main libgmp10 amd64 2:5.1.3+dfsg-1ubuntu1 [218 kB]
Get:52 http://archive.ubuntu.com/ubuntu/ trusty/main libisl10 amd64 0.12.2-1 [419 kB]
Get:53 http://archive.ubuntu.com/ubuntu/ trusty/main libcloog-isl4 amd64 0.18.2-1 [57.5 kB]
Get:54 http://archive.ubuntu.com/ubuntu/ trusty-updates/main libcups2 amd64 1.7.2-0ubuntu1.7 [179 kB]
Get:55 http://archive.ubuntu.com/ubuntu/ trusty/main libjpeg-turbo8 amd64 1.3.0-0ubuntu2 [104 kB]
Get:56 http://archive.ubuntu.com/ubuntu/ trusty/main libjpeg8 amd64 8c-2ubuntu8 [2194 B]
Get:57 http://archive.ubuntu.com/ubuntu/ trusty-updates/main libjbig0 amd64 2.0-2ubuntu4.1 [26.1 kB]
Get:58 http://archive.ubuntu.com/ubuntu/ trusty-updates/main libtiff5 amd64 4.0.3-7ubuntu0.3 [143 kB]
Get:59 http://archive.ubuntu.com/ubuntu/ trusty-updates/main libcupsfilters1 amd64 1.0.52-0ubuntu1.7 [73.8 kB]
Get:60 http://archive.ubuntu.com/ubuntu/ trusty-updates/main libcupsimage2 amd64 1.7.2-0ubuntu1.7 [15.4 kB]
Get:61 http://archive.ubuntu.com/ubuntu/ trusty-updates/main libcurl3 amd64 7.35.0-1ubuntu2.5 [173 kB]
Get:62 http://archive.ubuntu.com/ubuntu/ trusty-updates/main libgomp1 amd64 4.8.4-2ubuntu1~14.04 [23.1 kB]
Get:63 http://archive.ubuntu.com/ubuntu/ trusty/main libgraphite2-3 amd64 1.2.4-1ubuntu1 [53.8 kB]
Get:64 http://archive.ubuntu.com/ubuntu/ trusty-updates/main libgssrpc4 amd64 1.12+dfsg-2ubuntu5.2 [53.1 kB]
Get:65 http://archive.ubuntu.com/ubuntu/ trusty-updates/main libharfbuzz0b amd64 0.9.27-1ubuntu1 [127 kB]
Get:66 http://archive.ubuntu.com/ubuntu/ trusty-updates/main x11-common all 1:7.7+1ubuntu8.1 [49.5 kB]
Get:67 http://archive.ubuntu.com/ubuntu/ trusty/main libice6 amd64 2:1.0.8-2 [47.0 kB]
Get:68 http://archive.ubuntu.com/ubuntu/ trusty-updates/main libicu52 amd64 52.1-3ubuntu0.4 [6752 kB]
Get:69 http://archive.ubuntu.com/ubuntu/ trusty-updates/main libitm1 amd64 4.8.4-2ubuntu1~14.04 [28.6 kB]
Get:70 http://archive.ubuntu.com/ubuntu/ trusty-updates/main libkadm5clnt-mit9 amd64 1.12+dfsg-2ubuntu5.2 [36.2 kB]
Get:71 http://archive.ubuntu.com/ubuntu/ trusty-updates/main libkdb5-7 amd64 1.12+dfsg-2ubuntu5.2 [36.2 kB]
Get:72 http://archive.ubuntu.com/ubuntu/ trusty-updates/main libkadm5srv-mit9 amd64 1.12+dfsg-2ubuntu5.2 [50.4 kB]
Get:73 http://archive.ubuntu.com/ubuntu/ trusty/main liblcms2-2 amd64 2.5-0ubuntu4 [132 kB]
Get:74 http://archive.ubuntu.com/ubuntu/ trusty-updates/main liblua5.1-0 amd64 5.1.5-5ubuntu0.1 [99.9 kB]
Get:75 http://archive.ubuntu.com/ubuntu/ trusty/main libmpfr4 amd64 3.1.2-1 [203 kB]
Get:76 http://archive.ubuntu.com/ubuntu/ trusty/main libpaper1 amd64 1.1.24+nmu2ubuntu3 [13.4 kB]
Get:77 http://archive.ubuntu.com/ubuntu/ trusty/universe libpgm-5.1-0 amd64 5.1.118-1~dfsg-0.1ubuntu3 [156 kB]
Get:78 http://archive.ubuntu.com/ubuntu/ trusty-updates/main libpoppler44 amd64 0.24.5-2ubuntu4.3 [702 kB]
Get:79 http://archive.ubuntu.com/ubuntu/ trusty-updates/main libpython2.7-minimal amd64 2.7.6-8ubuntu0.2 [308 kB]
Get:80 http://archive.ubuntu.com/ubuntu/ trusty-updates/main libpython2.7-stdlib amd64 2.7.6-8ubuntu0.2 [1869 kB]
Get:81 http://archive.ubuntu.com/ubuntu/ trusty-updates/main libpython2.7 amd64 2.7.6-8ubuntu0.2 [1039 kB]
Get:82 http://archive.ubuntu.com/ubuntu/ trusty-updates/main libc-dev-bin amd64 2.19-0ubuntu6.6 [68.9 kB]
Get:83 http://archive.ubuntu.com/ubuntu/ trusty-updates/main linux-libc-dev amd64 3.13.0-74.118 [771 kB]
Get:84 http://archive.ubuntu.com/ubuntu/ trusty-updates/main libc6-dev amd64 2.19-0ubuntu6.6 [1910 kB]
Get:85 http://archive.ubuntu.com/ubuntu/ trusty-updates/main libexpat1-dev amd64 2.1.0-4ubuntu1.1 [115 kB]
Get:86 http://archive.ubuntu.com/ubuntu/ trusty-updates/main libpython2.7-dev amd64 2.7.6-8ubuntu0.2 [22.0 MB]
Get:87 http://archive.ubuntu.com/ubuntu/ trusty-updates/main libpython3.4 amd64 3.4.3-1ubuntu1~14.04.3 [1308 kB]
Get:88 http://archive.ubuntu.com/ubuntu/ trusty-updates/main libpython3.4-dev amd64 3.4.3-1ubuntu1~14.04.3 [17.8 MB]
Get:89 http://archive.ubuntu.com/ubuntu/ trusty-updates/main libquadmath0 amd64 4.8.4-2ubuntu1~14.04 [126 kB]
Get:90 http://archive.ubuntu.com/ubuntu/ trusty/main libsm6 amd64 2:1.2.1-2 [18.1 kB]
Get:91 http://archive.ubuntu.com/ubuntu/ trusty-updates/main libtsan0 amd64 4.8.4-2ubuntu1~14.04 [94.7 kB]
Get:92 http://archive.ubuntu.com/ubuntu/ trusty/main libxt6 amd64 1:1.1.4-1 [185 kB]
Get:93 http://archive.ubuntu.com/ubuntu/ trusty/main libxmu6 amd64 2:1.1.1-1 [53.8 kB]
Get:94 http://archive.ubuntu.com/ubuntu/ trusty/main libxpm4 amd64 1:3.5.10-1 [38.3 kB]
Get:95 http://archive.ubuntu.com/ubuntu/ trusty/main libxaw7 amd64 2:1.0.12-1 [168 kB]
Get:96 http://archive.ubuntu.com/ubuntu/ trusty-updates/main libyaml-0-2 amd64 0.1.4-3ubuntu3.1 [48.1 kB]
Get:97 http://archive.ubuntu.com/ubuntu/ trusty/universe libzmq3 amd64 4.0.4+dfsg-2 [129 kB]
Get:98 http://archive.ubuntu.com/ubuntu/ trusty/main poppler-data all 0.4.6-4 [1479 kB]
Get:99 http://archive.ubuntu.com/ubuntu/ trusty-updates/main python2.7-minimal amd64 2.7.6-8ubuntu0.2 [1185 kB]
Get:100 http://archive.ubuntu.com/ubuntu/ trusty-updates/main libgnutlsxx27 amd64 2.12.23-12ubuntu2.4 [17.3 kB]
Get:101 http://archive.ubuntu.com/ubuntu/ trusty/main libmpc3 amd64 1.0.1-1ubuntu1 [38.4 kB]
Get:102 http://archive.ubuntu.com/ubuntu/ trusty-updates/main python3.4 amd64 3.4.3-1ubuntu1~14.04.3 [177 kB]
Get:103 http://archive.ubuntu.com/ubuntu/ trusty/main python3-minimal amd64 3.4.0-0ubuntu2 [23.2 kB]
Get:104 http://archive.ubuntu.com/ubuntu/ trusty/main libpython3-stdlib amd64 3.4.0-0ubuntu2 [6912 B]
Get:105 http://archive.ubuntu.com/ubuntu/ trusty/main python3 amd64 3.4.0-0ubuntu2 [8666 B]
Get:106 http://archive.ubuntu.com/ubuntu/ trusty-updates/main dh-python all 1.20140128-1ubuntu8.2 [51.1 kB]
Get:107 http://archive.ubuntu.com/ubuntu/ trusty-updates/main openssl amd64 1.0.1f-1ubuntu2.16 [488 kB]
Get:108 http://archive.ubuntu.com/ubuntu/ trusty-updates/main ca-certificates all 20141019ubuntu0.14.04.1 [189 kB]
Get:109 http://archive.ubuntu.com/ubuntu/ trusty-updates/main binutils amd64 2.24-5ubuntu14 [2076 kB]
Get:110 http://archive.ubuntu.com/ubuntu/ trusty-updates/main cpp-4.8 amd64 4.8.4-2ubuntu1~14.04 [4597 kB]
Get:111 http://archive.ubuntu.com/ubuntu/ trusty/main cpp amd64 4:4.8.2-1ubuntu6 [27.5 kB]
Get:112 http://archive.ubuntu.com/ubuntu/ trusty-updates/main libgcc-4.8-dev amd64 4.8.4-2ubuntu1~14.04 [1687 kB]
Get:113 http://archive.ubuntu.com/ubuntu/ trusty-updates/main gcc-4.8 amd64 4.8.4-2ubuntu1~14.04 [5049 kB]
Get:114 http://archive.ubuntu.com/ubuntu/ trusty/main gcc amd64 4:4.8.2-1ubuntu6 [5098 B]
Get:115 http://archive.ubuntu.com/ubuntu/ trusty-updates/main libstdc++-4.8-dev amd64 4.8.4-2ubuntu1~14.04 [1052 kB]
Get:116 http://archive.ubuntu.com/ubuntu/ trusty-updates/main g++-4.8 amd64 4.8.4-2ubuntu1~14.04 [15.0 MB]
Get:117 http://archive.ubuntu.com/ubuntu/ trusty/main g++ amd64 4:4.8.2-1ubuntu6 [1490 B]
Get:118 http://archive.ubuntu.com/ubuntu/ trusty/main make amd64 3.81-8.2ubuntu3 [119 kB]
Get:119 http://archive.ubuntu.com/ubuntu/ trusty/main libtimedate-perl all 2.3000-1 [37.2 kB]
Get:120 http://archive.ubuntu.com/ubuntu/ trusty-updates/main libdpkg-perl all 1.17.5ubuntu5.5 [179 kB]
Get:121 http://archive.ubuntu.com/ubuntu/ trusty/main xz-utils amd64 5.1.1alpha+20120614-2ubuntu2 [78.8 kB]
Get:122 http://archive.ubuntu.com/ubuntu/ trusty-updates/main patch amd64 2.7.1-4ubuntu2.3 [86.4 kB]
Get:123 http://archive.ubuntu.com/ubuntu/ trusty-updates/main dpkg-dev all 1.17.5ubuntu5.5 [726 kB]
Get:124 http://archive.ubuntu.com/ubuntu/ trusty/main build-essential amd64 11.6ubuntu6 [4838 B]
Get:125 http://archive.ubuntu.com/ubuntu/ trusty-updates/main curl amd64 7.35.0-1ubuntu2.5 [123 kB]
Get:126 http://archive.ubuntu.com/ubuntu/ trusty/main liberror-perl all 0.17-1.1 [21.1 kB]
Get:127 http://archive.ubuntu.com/ubuntu/ trusty-updates/main git-man all 1:1.9.1-1ubuntu0.2 [699 kB]
Get:128 http://archive.ubuntu.com/ubuntu/ trusty-updates/main git amd64 1:1.9.1-1ubuntu0.2 [2701 kB]
Get:129 http://archive.ubuntu.com/ubuntu/ trusty-updates/main comerr-dev amd64 2.1-1.42.9-3ubuntu1.3 [38.3 kB]
Get:130 http://archive.ubuntu.com/ubuntu/ trusty-updates/main krb5-multidev amd64 1.12+dfsg-2ubuntu5.2 [111 kB]
Get:131 http://archive.ubuntu.com/ubuntu/ trusty/main pkg-config amd64 0.26-1ubuntu4 [40.9 kB]
Get:132 http://archive.ubuntu.com/ubuntu/ trusty/main libidn11-dev amd64 1.28-1ubuntu2 [517 kB]
Get:133 http://archive.ubuntu.com/ubuntu/ trusty-updates/main libkrb5-dev amd64 1.12+dfsg-2ubuntu5.2 [14.4 kB]
Get:134 http://archive.ubuntu.com/ubuntu/ trusty-updates/main libldap2-dev amd64 2.4.31-1+nmu2ubuntu8.2 [260 kB]
Get:135 http://archive.ubuntu.com/ubuntu/ trusty/main libgpg-error-dev amd64 1.12-0.2ubuntu1 [20.1 kB]
Get:136 http://archive.ubuntu.com/ubuntu/ trusty-updates/main libgcrypt11-dev amd64 1.5.3-2ubuntu4.2 [274 kB]
Get:137 http://archive.ubuntu.com/ubuntu/ trusty/main zlib1g-dev amd64 1:1.2.8.dfsg-1ubuntu1 [183 kB]
Get:138 http://archive.ubuntu.com/ubuntu/ trusty-updates/main libtasn1-6-dev amd64 3.4-3ubuntu0.3 [385 kB]
Get:139 http://archive.ubuntu.com/ubuntu/ trusty/main libp11-kit-dev amd64 0.20.2-2ubuntu2 [56.4 kB]
Get:140 http://archive.ubuntu.com/ubuntu/ trusty-updates/main libgnutls-dev amd64 2.12.23-12ubuntu2.4 [371 kB]
Get:141 http://archive.ubuntu.com/ubuntu/ trusty/main librtmp-dev amd64 2.4+20121230.gitdf6c518-1 [67.1 kB]
Get:142 http://archive.ubuntu.com/ubuntu/ trusty-updates/main libssl-dev amd64 1.0.1f-1ubuntu2.16 [1072 kB]
Get:143 http://archive.ubuntu.com/ubuntu/ trusty-updates/main libcurl4-openssl-dev amd64 7.35.0-1ubuntu2.5 [245 kB]
Get:144 http://archive.ubuntu.com/ubuntu/ trusty/main libijs-0.35 amd64 0.35-8build1 [16.8 kB]
Get:145 http://archive.ubuntu.com/ubuntu/ trusty/main libjbig2dec0 amd64 0.11+20120125-1ubuntu1 [48.6 kB]
Get:146 http://archive.ubuntu.com/ubuntu/ trusty-updates/main libgs9-common all 9.10~dfsg-0ubuntu10.4 [2066 kB]
Get:147 http://archive.ubuntu.com/ubuntu/ trusty-updates/main libgs9 amd64 9.10~dfsg-0ubuntu10.4 [1943 kB]
Get:148 http://archive.ubuntu.com/ubuntu/ trusty/main libkpathsea6 amd64 2013.20130729.30972-2build3 [63.5 kB]
Get:149 http://archive.ubuntu.com/ubuntu/ trusty/main libpaper-utils amd64 1.1.24+nmu2ubuntu3 [8244 B]
Get:150 http://archive.ubuntu.com/ubuntu/ trusty/main libptexenc1 amd64 2013.20130729.30972-2build3 [33.9 kB]
Get:151 http://archive.ubuntu.com/ubuntu/ trusty/main libpython-dev amd64 2.7.5-5ubuntu3 [7078 B]
Get:152 http://archive.ubuntu.com/ubuntu/ trusty/main libpython-stdlib amd64 2.7.5-5ubuntu3 [7012 B]
Get:153 http://archive.ubuntu.com/ubuntu/ trusty/main libpython3-dev amd64 3.4.0-0ubuntu2 [7002 B]
Get:154 http://archive.ubuntu.com/ubuntu/ trusty-updates/main libsqlite3-dev amd64 3.8.2-1ubuntu2.1 [439 kB]
Get:155 http://archive.ubuntu.com/ubuntu/ trusty/universe libzmq3-dev amd64 4.0.4+dfsg-2 [253 kB]
Get:156 http://archive.ubuntu.com/ubuntu/ trusty/main tex-common all 4.04 [621 kB]
Get:157 http://archive.ubuntu.com/ubuntu/ trusty/main luatex amd64 0.76.0-3ubuntu1 [2776 kB]
Get:158 http://archive.ubuntu.com/ubuntu/ trusty/universe pandoc-data all 1.12.2.1-1build2 [74.1 kB]
Get:159 http://archive.ubuntu.com/ubuntu/ trusty/universe pandoc amd64 1.12.2.1-1build2 [4101 kB]
Get:160 http://archive.ubuntu.com/ubuntu/ trusty/main preview-latex-style all 11.87-1ubuntu2 [187 kB]
Get:161 http://archive.ubuntu.com/ubuntu/ trusty-updates/main python2.7 amd64 2.7.6-8ubuntu0.2 [196 kB]
Get:162 http://archive.ubuntu.com/ubuntu/ trusty/main python-minimal amd64 2.7.5-5ubuntu3 [27.5 kB]
Get:163 http://archive.ubuntu.com/ubuntu/ trusty/main python amd64 2.7.5-5ubuntu3 [134 kB]
Get:164 http://archive.ubuntu.com/ubuntu/ trusty-updates/main python2.7-dev amd64 2.7.6-8ubuntu0.2 [269 kB]
Get:165 http://archive.ubuntu.com/ubuntu/ trusty/main python-dev amd64 2.7.5-5ubuntu3 [1166 B]
Get:166 http://archive.ubuntu.com/ubuntu/ trusty-updates/main python3.4-dev amd64 3.4.3-1ubuntu1~14.04.3 [419 kB]
Get:167 http://archive.ubuntu.com/ubuntu/ trusty/main python3-dev amd64 3.4.0-0ubuntu2 [1192 B]
Get:168 http://archive.ubuntu.com/ubuntu/ trusty-updates/main sqlite3 amd64 3.8.2-1ubuntu2.1 [28.8 kB]
Get:169 http://archive.ubuntu.com/ubuntu/ trusty-updates/main xdg-utils all 1.1.0~rc1-2ubuntu7.1 [54.1 kB]
Get:170 http://archive.ubuntu.com/ubuntu/ trusty/main texlive-binaries amd64 2013.20130729.30972-2build3 [4059 kB]
Get:171 http://archive.ubuntu.com/ubuntu/ trusty/main texlive-base all 2013.20140215-1 [16.2 MB]
Get:172 http://archive.ubuntu.com/ubuntu/ trusty/main texlive-fonts-recommended all 2013.20140215-1 [5715 kB]
Get:173 http://archive.ubuntu.com/ubuntu/ trusty/main texlive-latex-base all 2013.20140215-1 [828 kB]
Get:174 http://archive.ubuntu.com/ubuntu/ trusty/main texlive-latex-recommended all 2013.20140215-1 [7268 kB]
Get:175 http://archive.ubuntu.com/ubuntu/ trusty/main texlive-pictures all 2013.20140215-1 [2414 kB]
Get:176 http://archive.ubuntu.com/ubuntu/ trusty/main texlive-latex-extra all 2013.20140215-2 [7286 kB]
Get:177 http://archive.ubuntu.com/ubuntu/ trusty-updates/main libffi-dev amd64 3.1~rc1+r3.0.13-12ubuntu0.1 [99.8 kB]
[91mExtracting templates from packages: 16%[0m[91mExtracting templates from packages: 33%[0m[91mExtracting templates from packages: 50%[0m[91mExtracting templates from packages: 67%[0m[91mExtracting templates from packages: 84%[0m[91mExtracting templates from packages: 100%
[0mPreconfiguring packages ...
Fetched 169 MB in 34s (4839 kB/s)
(Reading database ... 10613 files and directories currently installed.)
Preparing to unpack .../libffi6_3.1~rc1+r3.0.13-12ubuntu0.1_amd64.deb ...
Unpacking libffi6:amd64 (3.1~rc1+r3.0.13-12ubuntu0.1) over (3.1~rc1+r3.0.13-12) ...
Preparing to unpack .../libgnutls-openssl27_2.12.23-12ubuntu2.4_amd64.deb ...
Unpacking libgnutls-openssl27:amd64 (2.12.23-12ubuntu2.4) over (2.12.23-12ubuntu2.2) ...
Preparing to unpack .../libgnutls26_2.12.23-12ubuntu2.4_amd64.deb ...
Unpacking libgnutls26:amd64 (2.12.23-12ubuntu2.4) over (2.12.23-12ubuntu2.2) ...
Preparing to unpack .../libssl1.0.0_1.0.1f-1ubuntu2.16_amd64.deb ...
Unpacking libssl1.0.0:amd64 (1.0.1f-1ubuntu2.16) over (1.0.1f-1ubuntu2.15) ...
Selecting previously unselected package libpython3.4-minimal:amd64.
Preparing to unpack .../libpython3.4-minimal_3.4.3-1ubuntu1~14.04.3_amd64.deb ...
Unpacking libpython3.4-minimal:amd64 (3.4.3-1ubuntu1~14.04.3) ...
Selecting previously unselected package libpython3.4-stdlib:amd64.
Preparing to unpack .../libpython3.4-stdlib_3.4.3-1ubuntu1~14.04.3_amd64.deb ...
Unpacking libpython3.4-stdlib:amd64 (3.4.3-1ubuntu1~14.04.3) ...
Selecting previously unselected package python3.4-minimal.
Preparing to unpack .../python3.4-minimal_3.4.3-1ubuntu1~14.04.3_amd64.deb ...
Unpacking python3.4-minimal (3.4.3-1ubuntu1~14.04.3) ...
Selecting previously unselected package libroken18-heimdal:amd64.
Preparing to unpack .../libroken18-heimdal_1.6~git20131207+dfsg-1ubuntu1.1_amd64.deb ...
Unpacking libroken18-heimdal:amd64 (1.6~git20131207+dfsg-1ubuntu1.1) ...
Selecting previously unselected package libasn1-8-heimdal:amd64.
Preparing to unpack .../libasn1-8-heimdal_1.6~git20131207+dfsg-1ubuntu1.1_amd64.deb ...
Unpacking libasn1-8-heimdal:amd64 (1.6~git20131207+dfsg-1ubuntu1.1) ...
Selecting previously unselected package libkrb5support0:amd64.
Preparing to unpack .../libkrb5support0_1.12+dfsg-2ubuntu5.2_amd64.deb ...
Unpacking libkrb5support0:amd64 (1.12+dfsg-2ubuntu5.2) ...
Selecting previously unselected package libk5crypto3:amd64.
Preparing to unpack .../libk5crypto3_1.12+dfsg-2ubuntu5.2_amd64.deb ...
Unpacking libk5crypto3:amd64 (1.12+dfsg-2ubuntu5.2) ...
Selecting previously unselected package libkeyutils1:amd64.
Preparing to unpack .../libkeyutils1_1.5.6-1_amd64.deb ...
Unpacking libkeyutils1:amd64 (1.5.6-1) ...
Selecting previously unselected package libkrb5-3:amd64.
Preparing to unpack .../libkrb5-3_1.12+dfsg-2ubuntu5.2_amd64.deb ...
Unpacking libkrb5-3:amd64 (1.12+dfsg-2ubuntu5.2) ...
[91mdpkg: error processing archive /var/cache/apt/archives/libkrb5-3_1.12+dfsg-2ubuntu5.2_amd64.deb (--unpack):
 unable to sync new file '/var/lib/dpkg/info/libkrb5-3:amd64.list-new': Input/output error
[0m[91mdpkg: error while cleaning up:
 unable to securely remove '/var/lib/dpkg/tmp.ci': Read-only file system
dpkg: error while cleaning up:
 unable to securely remove '/var/lib/dpkg/reassemble.deb': Read-only file system
dpkg: error processing archive /var/cache/apt/archives/libgssapi-krb5-2_1.12+dfsg-2ubuntu5.2_amd64.deb (--unpack):
 error ensuring `/var/lib/dpkg/reassemble.deb' doesn't exist: Read-only file system
dpkg: error processing archive /var/cache/apt/archives/libidn11_1.28-1ubuntu2_amd64.deb (--unpack):
 error ensuring `/var/lib/dpkg/reassemble.deb' doesn't exist: Read-only file system
dpkg: error processing archive /var/cache/apt/archives/libhcrypto4-heimdal_1.6~git20131207+dfsg-1ubuntu1.1_amd64.deb (--unpack):
 error ensuring `/var/lib/dpkg/reassemble.deb' doesn't exist: Read-only file system
dpkg: error processing archive /var/cache/apt/archives/libheimbase1-heimdal_1.6~git20131207+dfsg-1ubuntu1.1_amd64.deb (--unpack):
 error ensuring `/var/lib/dpkg/reassemble.deb' doesn't exist: Read-only file system
dpkg: error processing archive /var/cache/apt/archives/libwind0-heimdal_1.6~git20131207+dfsg-1ubuntu1.1_amd64.deb (--unpack):
 error ensuring `/var/lib/dpkg/reassemble.deb' doesn't exist: Read-only file system
[0m[91mdpkg: error processing archive /var/cache/apt/archives/libhx509-5-heimdal_1.6~git20131207+dfsg-1ubuntu1.1_amd64.deb (--unpack):
 error ensuring `/var/lib/dpkg/reassemble.deb' doesn't exist: Read-only file system
dpkg: error processing archive /var/cache/apt/archives/libkrb5-26-heimdal_1.6~git20131207+dfsg-1ubuntu1.1_amd64.deb (--unpack):
 error ensuring `/var/lib/dpkg/reassemble.deb' doesn't exist: Read-only file system
dpkg: error processing archive /var/cache/apt/archives/libheimntlm0-heimdal_1.6~git20131207+dfsg-1ubuntu1.1_amd64.deb (--unpack):
 error ensuring `/var/lib/dpkg/reassemble.deb' doesn't exist: Read-only file system
dpkg: error processing archive /var/cache/apt/archives/libgssapi3-heimdal_1.6~git20131207+dfsg-1ubuntu1.1_amd64.deb (--unpack):
 error ensuring `/var/lib/dpkg/reassemble.deb' doesn't exist: Read-only file system
dpkg: error processing archive /var/cache/apt/archives/libsasl2-modules-db_2.1.25.dfsg1-17build1_amd64.deb (--unpack):
 error ensuring `/var/lib/dpkg/reassemble.deb' doesn't exist: Read-only file system
dpkg: error processing archive /var/cache/apt/archives/libsasl2-2_2.1.25.dfsg1-17build1_amd64.deb (--unpack):
 error ensuring `/var/lib/dpkg/reassemble.deb' doesn't exist: Read-only file system
dpkg: error processing archive /var/cache/apt/archives/libldap-2.4-2_2.4.31-1+nmu2ubuntu8.2_amd64.deb (--unpack):
 error ensuring `/var/lib/dpkg/reassemble.deb' doesn't exist: Read-only file system
dpkg: error processing archive /var/cache/apt/archives/librtmp0_2.4+20121230.gitdf6c518-1_amd64.deb (--unpack):
 error ensuring `/var/lib/dpkg/reassemble.deb' doesn't exist: Read-only file system
dpkg: error processing archive /var/cache/apt/archives/libcurl3-gnutls_7.35.0-1ubuntu2.5_amd64.deb (--unpack):
 error ensuring `/var/lib/dpkg/reassemble.deb' doesn't exist: Read-only file system
dpkg: error processing archive /var/cache/apt/archives/libglib2.0-0_2.40.2-0ubuntu1_amd64.deb (--unpack):
 error ensuring `/var/lib/dpkg/reassemble.deb' doesn't exist: Read-only file system
dpkg: error processing archive /var/cache/apt/archives/libxau6_1%3a1.0.8-1_amd64.deb (--unpack):
 error ensuring `/var/lib/dpkg/reassemble.deb' doesn't exist: Read-only file system
dpkg: error processing archive /var/cache/apt/archives/libxdmcp6_1%3a1.1.1-1_amd64.deb (--unpack):
 error ensuring `/var/lib/dpkg/reassemble.deb' doesn't exist: Read-only file system
dpkg: error processing archive /var/cache/apt/archives/libxcb1_1.10-2ubuntu1_amd64.deb (--unpack):
 error ensuring `/var/lib/dpkg/reassemble.deb' doesn't exist: Read-only file system
dpkg: error processing archive /var/cache/apt/archives/libx11-data_2%3a1.6.2-1ubuntu2_all.deb (--unpack):
 error ensuring `/var/lib/dpkg/reassemble.deb' doesn't exist: Read-only file system
dpkg: error processing archive /var/cache/apt/archives/libx11-6_2%3a1.6.2-1ubuntu2_amd64.deb (--unpack):
 error ensuring `/var/lib/dpkg/reassemble.deb' doesn't exist: Read-only file system
dpkg: error processing archive /var/cache/apt/archives/libxext6_2%3a1.3.2-1ubuntu0.0.14.04.1_amd64.deb (--unpack):
 error ensuring `/var/lib/dpkg/reassemble.deb' doesn't exist: Read-only file system
dpkg: error processing archive /var/cache/apt/archives/language-pack-en-base_1%3a14.04+20150219_all.deb (--unpack):
 error ensuring `/var/lib/dpkg/reassemble.deb' doesn't exist: Read-only file system
dpkg: error processing archive /var/cache/apt/archives/language-pack-en_1%3a14.04+20150219_all.deb (--unpack):
 error ensuring `/var/lib/dpkg/reassemble.deb' doesn't exist: Read-only file system
[0m[91mdpkg: error processing archive /var/cache/apt/archives/libasan0_4.8.4-2ubuntu1~14.04_amd64.deb (--unpack):
 error ensuring `/var/lib/dpkg/reassemble.deb' doesn't exist: Read-only file system
dpkg: error processing archive /var/cache/apt/archives/libatomic1_4.8.4-2ubuntu1~14.04_amd64.deb (--unpack):
 error ensuring `/var/lib/dpkg/reassemble.deb' doesn't exist: Read-only file system
dpkg: error processing archive /var/cache/apt/archives/libavahi-common-data_0.6.31-4ubuntu1_amd64.deb (--unpack):
 error ensuring `/var/lib/dpkg/reassemble.deb' doesn't exist: Read-only file system
dpkg: error processing archive /var/cache/apt/archives/libavahi-common3_0.6.31-4ubuntu1_amd64.deb (--unpack):
 error ensuring `/var/lib/dpkg/reassemble.deb' doesn't exist: Read-only file system
dpkg: error processing archive /var/cache/apt/archives/libavahi-client3_0.6.31-4ubuntu1_amd64.deb (--unpack):
 error ensuring `/var/lib/dpkg/reassemble.deb' doesn't exist: Read-only file system
dpkg: error processing archive /var/cache/apt/archives/fonts-dejavu-core_2.34-1ubuntu1_all.deb (--unpack):
 error ensuring `/var/lib/dpkg/reassemble.deb' doesn't exist: Read-only file system
dpkg: error processing archive /var/cache/apt/archives/fontconfig-config_2.11.0-0ubuntu4.1_all.deb (--unpack):
 error ensuring `/var/lib/dpkg/reassemble.deb' doesn't exist: Read-only file system
dpkg: error processing archive /var/cache/apt/archives/libfreetype6_2.5.2-1ubuntu2.5_amd64.deb (--unpack):
 error ensuring `/var/lib/dpkg/reassemble.deb' doesn't exist: Read-only file system
dpkg: error processing archive /var/cache/apt/archives/libfontconfig1_2.11.0-0ubuntu4.1_amd64.deb (--unpack):
 error ensuring `/var/lib/dpkg/reassemble.deb' doesn't exist: Read-only file system
dpkg: error processing archive /var/cache/apt/archives/libpixman-1-0_0.30.2-2ubuntu1_amd64.deb (--unpack):
 error ensuring `/var/lib/dpkg/reassemble.deb' doesn't exist: Read-only file system
dpkg: error processing archive /var/cache/apt/archives/libxcb-render0_1.10-2ubuntu1_amd64.deb (--unpack):
 error ensuring `/var/lib/dpkg/reassemble.deb' doesn't exist: Read-only file system
dpkg: error processing archive /var/cache/apt/archives/libxcb-shm0_1.10-2ubuntu1_amd64.deb (--unpack):
 error ensuring `/var/lib/dpkg/reassemble.deb' doesn't exist: Read-only file system
dpkg: error processing archive /var/cache/apt/archives/libxrender1_1%3a0.9.8-1build0.14.04.1_amd64.deb (--unpack):
 error ensuring `/var/lib/dpkg/reassemble.deb' doesn't exist: Read-only file system
dpkg: error processing archive /var/cache/apt/archives/libcairo2_1.13.0~20140204-0ubuntu1.1_amd64.deb (--unpack):
 error ensuring `/var/lib/dpkg/reassemble.deb' doesn't exist: Read-only file system
dpkg: error processing archive /var/cache/apt/archives/libgmp10_2%3a5.1.3+dfsg-1ubuntu1_amd64.deb (--unpack):
 error ensuring `/var/lib/dpkg/reassemble.deb' doesn't exist: Read-only file system
dpkg: error processing archive /var/cache/apt/archives/libisl10_0.12.2-1_amd64.deb (--unpack):
 error ensuring `/var/lib/dpkg/reassemble.deb' doesn't exist: Read-only file system
dpkg: error processing archive /var/cache/apt/archives/libcloog-isl4_0.18.2-1_amd64.deb (--unpack):
 error ensuring `/var/lib/dpkg/reassemble.deb' doesn't exist: Read-only file system
dpkg: error processing archive /var/cache/apt/archives/libcups2_1.7.2-0ubuntu1.7_amd64.deb (--unpack):
 error ensuring `/var/lib/dpkg/reassemble.deb' doesn't exist: Read-only file system
dpkg: error processing archive /var/cache/apt/archives/libjpeg-turbo8_1.3.0-0ubuntu2_amd64.deb (--unpack):
 error ensuring `/var/lib/dpkg/reassemble.deb' doesn't exist: Read-only file system
dpkg: error processing archive /var/cache/apt/archives/libjpeg8_8c-2ubuntu8_amd64.deb (--unpack):
 error ensuring `/var/lib/dpkg/reassemble.deb' doesn't exist: Read-only file system
dpkg: error processing archive /var/cache/apt/archives/libjbig0_2.0-2ubuntu4.1_amd64.deb (--unpack):
 error ensuring `/var/lib/dpkg/reassemble.deb' doesn't exist: Read-only file system
dpkg: error processing archive /var/cache/apt/archives/libtiff5_4.0.3-7ubuntu0.3_amd64.deb (--unpack):
 error ensuring `/var/lib/dpkg/reassemble.deb' doesn't exist: Read-only file system
dpkg: error processing archive /var/cache/apt/archives/libcupsfilters1_1.0.52-0ubuntu1.7_amd64.deb (--unpack):
 error ensuring `/var/lib/dpkg/reassemble.deb' doesn't exist: Read-only file system
dpkg: error processing archive /var/cache/apt/archives/libcupsimage2_1.7.2-0ubuntu1.7_amd64.deb (--unpack):
 error ensuring `/var/lib/dpkg/reassemble.deb' doesn't exist: Read-only file system
dpkg: error processing archive /var/cache/apt/archives/libcurl3_7.35.0-1ubuntu2.5_amd64.deb (--unpack):
 error ensuring `/var/lib/dpkg/reassemble.deb' doesn't exist: Read-only file system
dpkg: error processing archive /var/cache/apt/archives/libgomp1_4.8.4-2ubuntu1~14.04_amd64.deb (--unpack):
 error ensuring `/var/lib/dpkg/reassemble.deb' doesn't exist: Read-only file system
dpkg: error processing archive /var/cache/apt/archives/libgraphite2-3_1.2.4-1ubuntu1_amd64.deb (--unpack):
 error ensuring `/var/lib/dpkg/reassemble.deb' doesn't exist: Read-only file system
dpkg: too many errors, stopping
[0m[91mdpkg: error: unable to create new file '/var/lib/dpkg/available-new': Read-only file system
[0m[91mrm: cannot remove '/var/cache/apt/archives/binutils_2.24-5ubuntu14_amd64.deb': Read-only file system
rm: cannot remove '/var/cache/apt/archives/build-essential_11.6ubuntu6_amd64.deb': Read-only file system
[0m[91mrm: cannot remove '/var/cache/apt/archives/ca-certificates_20141019ubuntu0.14.04.1_all.deb': Read-only file system
rm: cannot remove '/var/cache/apt/archives/comerr-dev_2.1-1.42.9-3ubuntu1.3_amd64.deb': Read-only file system
rm: cannot remove '/var/cache/apt/archives/cpp-4.8_4.8.4-2ubuntu1~14.04_amd64.deb': Read-only file system
rm: cannot remove '/var/cache/apt/archives/cpp_4%3a4.8.2-1ubuntu6_amd64.deb': Read-only file system
rm: cannot remove '/var/cache/apt/archives/curl_7.35.0-1ubuntu2.5_amd64.deb': Read-only file system
rm: cannot remove '/var/cache/apt/archives/dh-python_1.20140128-1ubuntu8.2_all.deb'[0m[91m: Read-only file system
rm: cannot remove '/var/cache/apt/archives/dpkg-dev_1.17.5ubuntu5.5_all.deb': Read-only file system
rm: cannot remove '/var/cache/apt/archives/fontconfig-config_2.11.0-0ubuntu4.1_all.deb': Read-only file system
rm: cannot remove '/var/cache/apt/archives/fonts-dejavu-core_2.34-1ubuntu1_all.deb': Read-only file system
rm: cannot remove '/var/cache/apt/archives/g++-4.8_4.8.4-2ubuntu1~14.04_amd64.deb': Read-only file system
rm: cannot remove '/var/cache/apt/archives/g++_4%3a4.8.2-1ubuntu6_amd64.deb': Read-only file system
rm: cannot remove '/var/cache/apt/archives/gcc-4.8_4.8.4-2ubuntu1~14.04_amd64.deb': Read-only file system
[0m[91mrm: cannot remove '/var/cache/apt/archives/gcc_4%3a4.8.2-1ubuntu6_amd64.deb': Read-only file system
rm: cannot remove '/var/cache/apt/archives/git-man_1%3a1.9.1-1ubuntu0.2_all.deb': Read-only file system
rm: cannot remove '/var/cache/apt/archives/git_1%3a1.9.1-1ubuntu0.2_amd64.deb': Read-only file system
rm: cannot remove '/var/cache/apt/archives/krb5-multidev_1.12+dfsg-2ubuntu5.2_amd64.deb': Read-only file system
rm: cannot remove '/var/cache/apt/archives/language-pack-en-base_1%3a14.04+20150219_all.deb': Read-only file system
rm: cannot remove '/var/cache/apt/archives/language-pack-en_1%3a14.04+20150219_all.deb': Read-only file system
[0m[91mrm: cannot remove '/var/cache/apt/archives/libasan0_4.8.4-2ubuntu1~14.04_amd64.deb': Read-only file system
rm: cannot remove '/var/cache/apt/archives/libasn1-8-heimdal_1.6~git20131207+dfsg-1ubuntu1.1_amd64.deb': Read-only file system
rm: cannot remove '/var/cache/apt/archives/libatomic1_4.8.4-2ubuntu1~14.04_amd64.deb': Read-only file system
rm: cannot remove '/var/cache/apt/archives/libavahi-client3_0.6.31-4ubuntu1_amd64.deb': Read-only file system
rm: cannot remove '/var/cache/apt/archives/libavahi-common-data_0.6.31-4ubuntu1_amd64.deb': Read-only file system
rm: cannot remove '/var/cache/apt/archives/libavahi-common3_0.6.31-4ubuntu1_amd64.deb': Read-only file system
rm: cannot remove '/var/cache/apt/archives/libc-dev-bin_2.19-0ubuntu6.6_amd64.deb': Read-only file system
rm: cannot remove '/var/cache/apt/archives/libc6-dev_2.19-0ubuntu6.6_amd64.deb': Read-only file system
[0m[91mrm: cannot remove '/var/cache/apt/archives/libcairo2_1.13.0~20140204-0ubuntu1.1_amd64.deb': Read-only file system
rm: cannot remove '/var/cache/apt/archives/libcloog-isl4_0.18.2-1_amd64.deb': Read-only file system
rm: cannot remove '/var/cache/apt/archives/libcups2_1.7.2-0ubuntu1.7_amd64.deb': Read-only file system
rm: cannot remove '/var/cache/apt/archives/libcupsfilters1_1.0.52-0ubuntu1.7_amd64.deb': Read-only file system
rm: cannot remove '/var/cache/apt/archives/libcupsimage2_1.7.2-0ubuntu1.7_amd64.deb': Read-only file system
rm: cannot remove '/var/cache/apt/archives/libcurl3-gnutls_7.35.0-1ubuntu2.5_amd64.deb': Read-only file system
[0m[91mrm: cannot remove '/var/cache/apt/archives/libcurl3_7.35.0-1ubuntu2.5_amd64.deb': Read-only file system
rm: cannot remove '/var/cache/apt/archives/libcurl4-openssl-dev_7.35.0-1ubuntu2.5_amd64.deb': Read-only file system
rm: cannot remove '/var/cache/apt/archives/libdpkg-perl_1.17.5ubuntu5.5_all.deb': Read-only file system
rm: cannot remove '/var/cache/apt/archives/liberror-perl_0.17-1.1_all.deb': Read-only file system
rm: cannot remove '/var/cache/apt/archives/libexpat1-dev_2.1.0-4ubuntu1.1_amd64.deb': Read-only file system
rm: cannot remove '/var/cache/apt/archives/libffi-dev_3.1~rc1+r3.0.13-12ubuntu0.1_amd64.deb': Read-only file system
rm: cannot remove '/var/cache/apt/archives/libffi6_3.1~rc1+r3.0.13-12ubuntu0.1_amd64.deb': Read-only file system
rm: cannot remove '/var/cache/apt/archives/libfontconfig1_2.11.0-0ubuntu4.1_amd64.deb': Read-only file system
rm: cannot remove '/var/cache/apt/archives/libfreetype6_2.5.2-1ubuntu2.5_amd64.deb': Read-only file system
[0m[91mrm: cannot remove '/var/cache/apt/archives/libgcc-4.8-dev_4.8.4-2ubuntu1~14.04_amd64.deb': Read-only file system
rm: cannot remove '/var/cache/apt/archives/libgcrypt11-dev_1.5.3-2ubuntu4.2_amd64.deb': Read-only file system
rm: cannot remove '/var/cache/apt/archives/libglib2.0-0_2.40.2-0ubuntu1_amd64.deb': Read-only file system
rm: cannot remove '/var/cache/apt/archives/libgmp10_2%3a5.1.3+dfsg-1ubuntu1_amd64.deb': Read-only file system
rm: cannot remove '/var/cache/apt/archives/libgnutls-dev_2.12.23-12ubuntu2.4_amd64.deb': Read-only file system
rm: cannot remove '/var/cache/apt/archives/libgnutls-openssl27_2.12.23-12ubuntu2.4_amd64.deb': Read-only file system
rm: cannot remove '/var/cache/apt/archives/libgnutls26_2.12.23-12ubuntu2.4_amd64.deb': Read-only file system
rm: cannot remove '/var/cache/apt/archives/libgnutlsxx27_2.12.23-12ubuntu2.4_amd64.deb': Read-only file system
rm: cannot remove '/var/cache/apt/archives/libgomp1_4.8.4-2ubuntu1~14.04_amd64.deb': Read-only file system
rm: cannot remove '/var/cache/apt/archives/libgpg-error-dev_1.12-0.2ubuntu1_amd64.deb': Read-only file system[0m[91m
rm: cannot remove '/var/cache/apt/archives/libgraphite2-3_1.2.4-1ubuntu1_amd64.deb': Read-only file system
rm: cannot remove '/var/cache/apt/archives/libgs9-common_9.10~dfsg-0ubuntu10.4_all.deb': Read-only file system
rm: cannot remove '/var/cache/apt/archives/libgs9_9.10~dfsg-0ubuntu10.4_amd64.deb': Read-only file system
rm: cannot remove '/var/cache/apt/archives/libgssapi-krb5-2_1.12+dfsg-2ubuntu5.2_amd64.deb': Read-only file system
rm: cannot remove '/var/cache/apt/archives/libgssapi3-heimdal_1.6~git20131207+dfsg-1ubuntu1.1_amd64.deb': Read-only file system
rm: cannot remove '/var/cache/apt/archives/libgssrpc4_1.12+dfsg-2ubuntu5.2_amd64.deb': Read-only file system
rm: cannot remove '/var/cache/apt/archives/libharfbuzz0b_0.9.27-1ubuntu1_amd64.deb': Read-only file system
rm: cannot remove '/var/cache/apt/archives/libhcrypto4-heimdal_1.6~git20131207+dfsg-1ubuntu1.1_amd64.deb': Read-only file system
rm: cannot remove '/var/cache/apt/archives/libheimbase1-heimdal_1.6~git20131207+dfsg-1ubuntu1.1_amd64.deb': Read-only file system
rm: cannot remove '/var/cache/apt/archives/libheimntlm0-heimdal_1.6~git20131207+dfsg-1ubuntu1.1_amd64.deb': Read-only file system
[0m[91mrm: cannot remove '/var/cache/apt/archives/libhx509-5-heimdal_1.6~git20131207+dfsg-1ubuntu1.1_amd64.deb': Read-only file system
rm: cannot remove '/var/cache/apt/archives/libice6_2%3a1.0.8-2_amd64.deb': Read-only file system
rm: cannot remove '/var/cache/apt/archives/libicu52_52.1-3ubuntu0.4_amd64.deb': Read-only file system
rm: cannot remove '/var/cache/apt/archives/libidn11-dev_1.28-1ubuntu2_amd64.deb': Read-only file system
rm: cannot remove '/var/cache/apt/archives/libidn11_1.28-1ubuntu2_amd64.deb': Read-only file system
rm: cannot remove '/var/cache/apt/archives/libijs-0.35_0.35-8build1_amd64.deb': Read-only file system
rm: cannot remove '/var/cache/apt/archives/libisl10_0.12.2-1_amd64.deb': Read-only file system
rm: cannot remove '/var/cache/apt/archives/libitm1_4.8.4-2ubuntu1~14.04_amd64.deb': Read-only file system
rm: cannot remove '/var/cache/apt/archives/libjbig0_2.0-2ubuntu4.1_amd64.deb': Read-only file system
rm: cannot remove '/var/cache/apt/archives/libjbig2dec0_0.11+20120125-1ubuntu1_amd64.deb': Read-only file system
[0m[91mrm: cannot remove '/var/cache/apt/archives/libjpeg-turbo8_1.3.0-0ubuntu2_amd64.deb': Read-only file system
rm: cannot remove '/var/cache/apt/archives/libjpeg8_8c-2ubuntu8_amd64.deb': Read-only file system
rm: cannot remove '/var/cache/apt/archives/libk5crypto3_1.12+dfsg-2ubuntu5.2_amd64.deb': Read-only file system
rm: cannot remove '/var/cache/apt/archives/libkadm5clnt-mit9_1.12+dfsg-2ubuntu5.2_amd64.deb': Read-only file system
rm: cannot remove '/var/cache/apt/archives/libkadm5srv-mit9_1.12+dfsg-2ubuntu5.2_amd64.deb': Read-only file system
rm: cannot remove '/var/cache/apt/archives/libkdb5-7_1.12+dfsg-2ubuntu5.2_amd64.deb': Read-only file system
rm: cannot remove '/var/cache/apt/archives/libkeyutils1_1.5.6-1_amd64.deb': Read-only file system
rm: cannot remove '/var/cache/apt/archives/libkpathsea6_2013.20130729.30972-2build3_amd64.deb': Read-only file system
rm: cannot remove '/var/cache/apt/archives/libkrb5-26-heimdal_1.6~git20131207+dfsg-1ubuntu1.1_amd64.deb': Read-only file system
rm: cannot remove '/var/cache/apt/archives/libkrb5-3_1.12+dfsg-2ubuntu5.2_amd64.deb': Read-only file system
[0m[91mrm: cannot remove '/var/cache/apt/archives/libkrb5-dev_1.12+dfsg-2ubuntu5.2_amd64.deb': Read-only file system
rm: cannot remove '/var/cache/apt/archives/libkrb5support0_1.12+dfsg-2ubuntu5.2_amd64.deb': Read-only file system
rm: cannot remove '/var/cache/apt/archives/liblcms2-2_2.5-0ubuntu4_amd64.deb': Read-only file system
rm: cannot remove '/var/cache/apt/archives/libldap-2.4-2_2.4.31-1+nmu2ubuntu8.2_amd64.deb': Read-only file system
rm: cannot remove '/var/cache/apt/archives/libldap2-dev_2.4.31-1+nmu2ubuntu8.2_amd64.deb': Read-only file system
rm: cannot remove '/var/cache/apt/archives/liblua5.1-0_5.1.5-5ubuntu0.1_amd64.deb': Read-only file system
rm: cannot remove '/var/cache/apt/archives/libmpc3_1.0.1-1ubuntu1_amd64.deb': Read-only file system
rm: cannot remove '/var/cache/apt/archives/libmpfr4_3.1.2-1_amd64.deb': Read-only file system
rm: cannot remove '/var/cache/apt/archives/libp11-kit-dev_0.20.2-2ubuntu2_amd64.deb': Read-only file system
rm: cannot remove '/var/cache/apt/archives/libpaper-utils_1.1.24+nmu2ubuntu3_amd64.deb': Read-only file system
[0m[91mrm: cannot remove '/var/cache/apt/archives/libpaper1_1.1.24+nmu2ubuntu3_amd64.deb': Read-only file system
rm: cannot remove '/var/cache/apt/archives/libpgm-5.1-0_5.1.118-1~dfsg-0.1ubuntu3_amd64.deb': Read-only file system
rm: cannot remove '/var/cache/apt/archives/libpixman-1-0_0.30.2-2ubuntu1_amd64.deb': Read-only file system
rm: cannot remove '/var/cache/apt/archives/libpoppler44_0.24.5-2ubuntu4.3_amd64.deb': Read-only file system
rm: cannot remove '/var/cache/apt/archives/libptexenc1_2013.20130729.30972-2build3_amd64.deb': Read-only file system
rm: cannot remove '/var/cache/apt/archives/libpython-dev_2.7.5-5ubuntu3_amd64.deb': Read-only file system
rm: cannot remove '/var/cache/apt/archives/libpython-stdlib_2.7.5-5ubuntu3_amd64.deb': Read-only file system
rm: cannot remove '/var/cache/apt/archives/libpython2.7-dev_2.7.6-8ubuntu0.2_amd64.deb': Read-only file system
rm: cannot remove '/var/cache/apt/archives/libpython2.7-minimal_2.7.6-8ubuntu0.2_amd64.deb': Read-only file system
[0m[91mrm: cannot remove '/var/cache/apt/archives/libpython2.7-stdlib_2.7.6-8ubuntu0.2_amd64.deb': Read-only file system
rm: cannot remove '/var/cache/apt/archives/libpython2.7_2.7.6-8ubuntu0.2_amd64.deb': Read-only file system
[0m[91mrm: cannot remove '/var/cache/apt/archives/libpython3-dev_3.4.0-0ubuntu2_amd64.deb': Read-only file system
rm: cannot remove '/var/cache/apt/archives/libpython3-stdlib_3.4.0-0ubuntu2_amd64.deb': Read-only file system
rm: cannot remove '/var/cache/apt/archives/libpython3.4-dev_3.4.3-1ubuntu1~14.04.3_amd64.deb': Read-only file system
rm: cannot remove '/var/cache/apt/archives/libpython3.4-minimal_3.4.3-1ubuntu1~14.04.3_amd64.deb': Read-only file system
rm: cannot remove '/var/cache/apt/archives/libpython3.4-stdlib_3.4.3-1ubuntu1~14.04.3_amd64.deb': Read-only file system
rm: cannot remove '/var/cache/apt/archives/libpython3.4_3.4.3-1ubuntu1~14.04.3_amd64.deb': Read-only file system
rm: cannot remove '/var/cache/apt/archives/libquadmath0_4.8.4-2ubuntu1~14.04_amd64.deb': Read-only file system
[0m[91mrm: cannot remove '/var/cache/apt/archives/libroken18-heimdal_1.6~git20131207+dfsg-1ubuntu1.1_amd64.deb': Read-only file system
rm: cannot remove '/var/cache/apt/archives/librtmp-dev_2.4+20121230.gitdf6c518-1_amd64.deb': Read-only file system
rm: cannot remove '/var/cache/apt/archives/librtmp0_2.4+20121230.gitdf6c518-1_amd64.deb': Read-only file system
rm: cannot remove '/var/cache/apt/archives/libsasl2-2_2.1.25.dfsg1-17build1_amd64.deb': Read-only file system
rm: cannot remove '/var/cache/apt/archives/libsasl2-modules-db_2.1.25.dfsg1-17build1_amd64.deb': Read-only file system
[0m[91mrm: cannot remove '/var/cache/apt/archives/libsm6_2%3a1.2.1-2_amd64.deb': Read-only file system
rm: cannot remove '/var/cache/apt/archives/libsqlite3-dev_3.8.2-1ubuntu2.1_amd64.deb': Read-only file system
rm: cannot remove '/var/cache/apt/archives/libssl-dev_1.0.1f-1ubuntu2.16_amd64.deb': Read-only file system
rm: cannot remove '/var/cache/apt/archives/libssl1.0.0_1.0.1f-1ubuntu2.16_amd64.deb': Read-only file system
rm: cannot remove '/var/cache/apt/archives/libstdc++-4.8-dev_4.8.4-2ubuntu1~14.04_amd64.deb': Read-only file system
rm: cannot remove '/var/cache/apt/archives/libtasn1-6-dev_3.4-3ubuntu0.3_amd64.deb': Read-only file system
rm: cannot remove '/var/cache/apt/archives/libtiff5_4.0.3-7ubuntu0.3_amd64.deb': Read-only file system
[0m[91mrm: cannot remove '/var/cache/apt/archives/libtimedate-perl_2.3000-1_all.deb': Read-only file system
rm: cannot remove '/var/cache/apt/archives/libtsan0_4.8.4-2ubuntu1~14.04_amd64.deb': Read-only file system
rm: cannot remove '/var/cache/apt/archives/libwind0-heimdal_1.6~git20131207+dfsg-1ubuntu1.1_amd64.deb': Read-only file system
rm: cannot remove '/var/cache/apt/archives/libx11-6_2%3a1.6.2-1ubuntu2_amd64.deb': Read-only file system
rm: cannot remove '/var/cache/apt/archives/libx11-data_2%3a1.6.2-1ubuntu2_all.deb': Read-only file system
rm: cannot remove '/var/cache/apt/archives/libxau6_1%3a1.0.8-1_amd64.deb': Read-only file system
[0m[91mrm: cannot remove '/var/cache/apt/archives/libxaw7_2%3a1.0.12-1_amd64.deb': Read-only file system
rm: cannot remove '/var/cache/apt/archives/libxcb-render0_1.10-2ubuntu1_amd64.deb': Read-only file system
rm: cannot remove '/var/cache/apt/archives/libxcb-shm0_1.10-2ubuntu1_amd64.deb': Read-only file system
rm: cannot remove '/var/cache/apt/archives/libxcb1_1.10-2ubuntu1_amd64.deb': Read-only file system
rm: cannot remove '/var/cache/apt/archives/libxdmcp6_1%3a1.1.1-1_amd64.deb': Read-only file system
rm: cannot remove '/var/cache/apt/archives/libxext6_2%3a1.3.2-1ubuntu0.0.14.04.1_amd64.deb': Read-only file system
rm: cannot remove '/var/cache/apt/archives/libxmu6_2%3a1.1.1-1_amd64.deb': Read-only file system
rm: cannot remove '/var/cache/apt/archives/libxpm4_1%3a3.5.10-1_amd64.deb': Read-only file system
[0m[91mrm: cannot remove '/var/cache/apt/archives/libxrender1_1%3a0.9.8-1build0.14.04.1_amd64.deb': Read-only file system
rm: cannot remove '/var/cache/apt/archives/libxt6_1%3a1.1.4-1_amd64.deb': Read-only file system
rm: cannot remove '/var/cache/apt/archives/libyaml-0-2_0.1.4-3ubuntu3.1_amd64.deb': Read-only file system
rm: cannot remove '/var/cache/apt/archives/libzmq3-dev_4.0.4+dfsg-2_amd64.deb': Read-only file system
rm: cannot remove '/var/cache/apt/archives/libzmq3_4.0.4+dfsg-2_amd64.deb': Read-only file system
rm: cannot remove '/var/cache/apt/archives/linux-libc-dev_3.13.0-74.118_amd64.deb': Read-only file system
rm: cannot remove '/var/cache/apt/archives/luatex_0.76.0-3ubuntu1_amd64.deb': Read-only file system
rm: cannot remove '/var/cache/apt/archives/make_3.81-8.2ubuntu3_amd64.deb': Read-only file system
rm: cannot remove '/var/cache/apt/archives/openssl_1.0.1f-1ubuntu2.16_amd64.deb': Read-only file system
rm: cannot remove '/var/cache/apt/archives/pandoc-data_1.12.2.1-1build2_all.deb': Read-only file system
[0m[91mrm: cannot remove '/var/cache/apt/archives/pandoc_1.12.2.1-1build2_amd64.deb': Read-only file system
rm: cannot remove '/var/cache/apt/archives/patch_2.7.1-4ubuntu2.3_amd64.deb': Read-only file system
rm: cannot remove '/var/cache/apt/archives/pkg-config_0.26-1ubuntu4_amd64.deb': Read-only file system
rm: cannot remove '/var/cache/apt/archives/poppler-data_0.4.6-4_all.deb': Read-only file system
rm: cannot remove '/var/cache/apt/archives/preview-latex-style_11.87-1ubuntu2_all.deb': Read-only file system
rm: cannot remove '/var/cache/apt/archives/python-dev_2.7.5-5ubuntu3_amd64.deb': Read-only file system
rm: cannot remove '/var/cache/apt/archives/python-minimal_2.7.5-5ubuntu3_amd64.deb': Read-only file system
rm: cannot remove '/var/cache/apt/archives/python2.7-dev_2.7.6-8ubuntu0.2_amd64.deb': Read-only file system
rm: cannot remove '/var/cache/apt/archives/python2.7-minimal_2.7.6-8ubuntu0.2_amd64.deb': Read-only file system
rm: cannot remove '/var/cache/apt/archives/python2.7_2.7.6-8ubuntu0.2_amd64.deb': Read-only file system
rm: cannot remove '/var/cache/apt/archives/python3-dev_3.4.0-0ubuntu2_amd64.deb': Read-only file system
rm: [0m[91mcannot remove '/var/cache/apt/archives/python3-minimal_3.4.0-0ubuntu2_amd64.deb': Read-only file system
rm: cannot remove '/var/cache/apt/archives/python3.4-dev_3.4.3-1ubuntu1~14.04.3_amd64.deb': Read-only file system
rm: cannot remove '/var/cache/apt/archives/python3.4-minimal_3.4.3-1ubuntu1~14.04.3_amd64.deb': Read-only file system
rm: cannot remove '/var/cache/apt/archives/python3.4_3.4.3-1ubuntu1~14.04.3_amd64.deb': Read-only file system
rm: cannot remove '/var/cache/apt/archives/python3_3.4.0-0ubuntu2_amd64.deb': Read-only file system
rm: cannot remove '/var/cache/apt/archives/python_2.7.5-5ubuntu3_amd64.deb': Read-only file system
rm: cannot remove '/var/cache/apt/archives/sqlite3_3.8.2-1ubuntu2.1_amd64.deb': Read-only file system
rm: cannot remove '/var/cache/apt/archives/tex-common_4.04_all.deb': Read-only file system
rm: cannot remove '/var/cache/apt/archives/texlive-base_2013.20140215-1_all.deb': Read-only file system
rm: cannot remove '/var/cache/apt/archives/texlive-binaries_2013.20130729.30972-2build3_amd64.deb': Read-only file system
[0m[91mrm: cannot remove '/var/cache/apt/archives/texlive-fonts-recommended_2013.20140215-1_all.deb': Read-only file system
rm: cannot remove '/var/cache/apt/archives/texlive-latex-base_2013.20140215-1_all.deb': Read-only file system
rm: cannot remove '/var/cache/apt/archives/texlive-latex-extra_2013.20140215-2_all.deb': Read-only file system
rm: cannot remove '/var/cache/apt/archives/texlive-latex-recommended_2013.20140215-1_all.deb': Read-only file system
rm: cannot remove '/var/cache/apt/archives/texlive-pictures_2013.20140215-1_all.deb': Read-only file system
rm: cannot remove '/var/cache/apt/archives/x11-common_1%3a7.7+1ubuntu8.1_all.deb': Read-only file system
rm: cannot remove '/var/cache/apt/archives/xdg-utils_1.1.0~rc1-2ubuntu7.1_all.deb': Read-only file system
rm: cannot remove '/var/cache/apt/archives/xz-utils_5.1.1alpha+20120614-2ubuntu2_amd64.deb': Read-only file system
rm: cannot remove '/var/cache/apt/archives/zlib1g-dev_1%3a1.2.8.dfsg-1ubuntu1_amd64.deb': Read-only file system
[0m[91mE: Sub-process /usr/bin/dpkg returned an error code (2)
E: Failed to write temporary StateFile /var/lib/apt/extended_states.tmp
[0mThe command '/bin/sh -c apt-get update -qq &&     DEBIAN_FRONTEND=noninteractive apt-get install -yq --no-install-recommends         build-essential         ca-certificates         curl         git         language-pack-en         libcurl4-openssl-dev         libffi-dev         libsqlite3-dev         libzmq3-dev         pandoc         python         python3         python-dev         python3-dev         sqlite3         texlive-fonts-recommended         texlive-latex-base         texlive-latex-extra         zlib1g-dev &&     apt-get clean &&     rm -rf /var/lib/apt/lists/*' returned a non-zero code: 100
